<?xml version="1.0" encoding="UTF-8"?>
<!-- Generated by org.testng.reporters.JUnitReportReporter -->
<testsuite hostname="LAPTOP-I8OH95EQ" failures="0" tests="3" name="tests.TestCases" time="18.051" errors="0" timestamp="2021-05-06T12:28:18 EET" skipped="0">
  <testcase classname="tests.TestCases" name="testEnterSignUp" time="9.520"/>
  <system-out/>
  <testcase classname="tests.TestCases" name="testSignUpPassword" time="1.112"/>
  <system-out/>
  <testcase classname="tests.TestCases" name="testSignUpEMail" time="7.419"/>
  <system-out/>
</testsuite> <!-- tests.TestCases -->
