<?xml version="1.0" encoding="UTF-8"?>
<!-- Generated by org.testng.reporters.JUnitReportReporter -->
<testsuite hostname="LAPTOP-I8OH95EQ" failures="0" tests="4" name="tests.TestSignUp" time="36.474" errors="0" timestamp="2021-05-06T12:54:36 EET" skipped="0">
  <testcase classname="tests.TestSignUp" name="testSignUpPassword" time="6.242"/>
  <system-out/>
  <testcase classname="tests.TestSignUp" name="testSignUpAge" time="11.941"/>
  <system-out/>
  <testcase classname="tests.TestSignUp" name="testSignUpEMail" time="7.395"/>
  <system-out/>
  <testcase classname="tests.TestSignUp" name="testEnterSignUp" time="10.896"/>
  <system-out/>
</testsuite> <!-- tests.TestSignUp -->
